c ---- [ banner ] ------------------------------------------------------------
c
c Kissat SAT Solver
c 
c Copyright (c) 2021-2024 Armin Biere University of Freiburg
c Copyright (c) 2019-2021 Armin Biere Johannes Kepler University Linz
c 
c Version 4.0.4 8af8e56f174b778aef3aa45af9f739b2a5f492c2
c gcc (Debian 14.2.0-19) 14.2.0 -W -Wall -O3 -DNDEBUG
c Mon Mar 30 04:06:14 UTC 2026 Linux modal 4.4.0 x86_64
c
c ---- [ parsing ] -----------------------------------------------------------
c
c opened and reading DIMACS file:
c
c   sat_23_11.cnf
c
c parsed 'p cnf 948 52358' header
c closing input after reading 638302 bytes (623 KB)
c finished parsing after 0.00 seconds
c
c ---- [ solving ] -----------------------------------------------------------
c
c seconds switched rate     size/glue tier1  binary      remaining
c        MB reductions conflicts size  tier2    irredundant
c         level restarts redundant glue  trail       variables
c
c *  0.01  6 0 0 0  0 0   0   0 0.0 0 0 0 0 0% 51959 399 948 100%
c (  0.01  6 0 0 0  0 0   0   0 0.0 0 0 0 0 0% 51959 399 948 100%
c .  0.01  6 0 0 0  0 0   0   0 0.0 0 0 0 0 0% 51959 399 948 100%
c f  0.22  8 0 0 0  0 0   0   0 0.0 0 0 0 0 0% 16647 399 3949 417%
c )  0.22  8 0 0 0  0 0   0   0 0.0 0 0 0 0 0% 16647 399 3949 417%
c {  0.22  8 0 0 0  0 0   0   0 0.0 0 0 2 6 0% 16647 399 3949 417%
c -  0.27  8 15 0 1 61 3 1000 675 1.9 16 8 7 11 32% 16647 399 3949 417%
c }  0.27  8 15 1 1 61 3 1000 675 1.9 16 8 7 11 32% 16647 399 3949 417%
c [  0.27  8 0 1 1 61 0 1000 675 0.0 0 0 2 6 0% 16647 399 3949 417%
c B  0.27  8 69 1 1 61 58 1001 676 1.1 12 11 2 6 28% 16647 399 3949 417%
c ]  0.32  8 24 2 1 61 1 1903 1519 2.1 27 13 11 19 31% 16647 399 3949 417%
c {  0.33  8 15 2 1 61 3 1903 1519 1.9 16 8 7 11 32% 16647 399 3949 417%
c -  0.33  8 15 2 2 66 3 2001 1553 1.9 15 8 7 11 32% 16647 399 3949 417%
c u  0.36  8 12 2 2 66 2 2766 1798 1.7 12 7 6 9 31% 16647 399 3949 417%
c v  0.37  8 12 2 2 66 2 2766 1791 1.7 12 7 6 9 31% 16647 399 3949 417%
c w  0.37  8 12 2 2 66 2 2766 1786 1.7 12 7 6 9 31% 16647 399 3949 417%
c }  0.38  8 11 3 2 67 2 2903 1900 1.7 12 7 6 9 31% 16647 399 3949 417%
c [  0.38  8 24 3 2 67 1 2903 1900 2.1 27 13 11 19 31% 16647 399 3949 417%
c W  0.39  8 24 3 2 67 1 2903 1900 2.1 27 13 11 19 31% 16647 399 3949 417%
c -  0.40  8 29 3 3 67 2 3418 2124 2.0 29 15 11 22 31% 16647 399 3949 417%
c
c seconds  switched rate       size/glue  tier1      binary       remaining
c        MB reductions conflicts     size    tier2      irredundant
c         level restarts  redundant     glue     trail       variables
c
c ]  0.42  8 31 4 3 67 2 3780 2472 2.0 31 16 11 22 31% 16647 399 3949 417%
c {  0.42  8 11 4 3 67 2 3780 2472 1.7 12 7 6 9 31% 16647 399 3949 417%
c -  0.46  9 13 4 4 194 2 5150 2895 1.6 13 8 6 10 31% 16647 399 3949 417%
c }  0.48  9 12 5 4 224 2 6132 3624 1.6 12 8 6 10 31% 16647 399 3949 417%
c [  0.48  9 31 5 4 224 2 6132 3624 2.0 31 16 11 22 31% 16647 399 3949 417%
c I  0.48  9 31 5 4 224 2 6132 3624 2.0 31 16 11 22 31% 16647 399 3949 417%
c -  0.52  9 54 5 5 224 2 7151 3878 1.8 45 25 14 50 30% 16647 399 3949 417%
c ]  0.55  9 57 6 5 225 2 8076 4719 1.8 48 27 14 50 30% 16647 399 3949 417%
c {  0.55  9 12 6 5 225 2 8076 4719 1.6 12 8 6 10 31% 16647 399 3949 417%
c u  0.59  9 18 6 5 390 4 8519 5106 1.6 14 9 6 10 31% 16647 399 3949 417%
c v  0.60  9 18 6 5 390 4 8519 5002 1.6 14 9 6 10 31% 16647 399 3949 417%
c w  0.61  9 18 6 5 390 4 8519 5000 1.6 14 9 6 10 31% 16647 399 3949 417%
c -  0.69 10 26 6 6 717 7 9389 5069 1.5 16 10 6 13 30% 16647 399 3949 417%
c o  0.72 10 30 6 6 954 8 10036 5699 1.5 17 11 6 13 30% 16647 399 3949 417%
c -  0.80 10 40 6 7 1453 10 11839 7020 1.5 20 13 7 20 30% 16647 399 3949 417%
c }  0.82 10 41 7 7 1531 11 12145 7320 1.5 20 13 7 20 30% 16647 399 3949 417%
c [  0.82 10 57 7 7 1531 2 12145 7320 1.8 48 27 14 50 30% 16647 399 3949 417%
c B  0.82 10 57 7 7 1531 2 12145 7320 1.8 48 27 14 50 30% 16647 399 3949 417%
c e  0.89 10 50 7 7 1532 2 13828 8924 1.9 46 24 14 50 31% 16645 399 3844 405%
c ^  0.89 10 50 7 7 1532 2 13828 8924 1.9 46 24 14 50 31% 16645 399 3844 405%
c
c seconds  switched   rate        size/glue  tier1      binary       remaining
c        MB reductions  conflicts       size    tier2      irredundant
c         level  restarts    redundant     glue     trail       variables
c
c -  0.91 10 46 7 8 1533 2 14485 8113 1.9 44 23 13 42 31% 16645 399 3844 405%
c -  1.02 11 40 7 9 1535 2 17315 8824 1.9 39 21 11 31 31% 16645 399 3844 405%
c u  1.04 10 40 7 9 1535 1 17453 8887 1.9 38 20 11 31 31% 16645 399 3844 405%
c v  1.05 11 40 7 9 1535 1 17453 8732 1.9 38 20 11 31 31% 16645 399 3844 405%
c w  1.07 11 40 7 9 1535 1 17453 8633 1.9 38 20 11 31 31% 16645 399 3844 405%
c f  1.08 11 40 7 9 1535 1 17453 8633 1.9 38 20 11 31 31% 16641 399 3846 406%
c u  1.10 11 40 7 9 1535 1 17453 8450 1.9 38 20 11 31 31% 16641 399 3846 406%
c v  1.11 11 40 7 9 1535 1 17453 8422 1.9 38 20 11 31 31% 16641 399 3846 406%
c w  1.12 11 40 7 9 1535 1 17453 8376 1.9 38 20 11 31 31% 16641 399 3846 406%
c W  1.14 11 40 7 9 1535 1 17675 8574 1.9 38 20 11 31 31% 16641 399 3846 406%
c ]  1.16 11 38 8 9 1535 1 18122 8929 1.9 37 20 11 31 31% 16641 399 3846 406%
c {  1.16 11 41 8 9 1535 11 18122 8929 1.5 20 13 7 20 30% 16641 399 3846 406%
c -  1.22 13 36 8 10 1545 9 20317 9164 1.5 19 13 7 17 30% 16641 399 3846 406%
c -  1.32 13 32 8 11 1552 7 23479 10133 1.6 19 12 7 15 30% 16641 399 3846 406%
c }  1.34 12 31 9 11 1553 7 24282 10833 1.6 19 12 7 15 30% 16641 399 3846 406%
c [  1.34 12 38 9 11 1553 1 24282 10833 1.9 37 20 11 31 31% 16641 399 3846 406%
c O  1.37 12 36 9 11 1553 1 25205 11627 1.9 36 19 11 31 31% 16641 399 3846 406%
c o  1.37 12 36 9 11 1553 1 25205 11627 1.9 36 19 11 31 31% 16641 399 3846 406%
c -  1.41 12 33 9 12 1555 1 26796 11154 1.9 33 18 9 27 31% 16641 399 3846 406%
c e  1.45 11 32 9 12 1555 1 27656 11895 1.9 32 17 9 27 31% 17412 399 3074 324%
c
c seconds  switched    rate         size/glue  tier1     binary       remaining
c        MB  reductions  conflicts        size   tier2      irredundant
c         level   restarts     redundant     glue    trail       variables
c
c ^  1.45 11 32 9 12 1555 1 27656 11895 1.9 32 17 9 27 31% 17412 399 3074 324%
c u  1.54 13 31 9 12 1557 1 29764 12587 1.9 31 17 9 27 32% 17412 399 3074 324%
c v  1.56 13 31 9 12 1557 1 29764 12470 1.9 31 17 9 27 32% 17412 399 3074 324%
c w  1.57 13 31 9 12 1557 1 29764 12414 1.9 31 17 9 27 32% 17412 399 3074 324%
c f  1.63 10 31 9 12 1557 1 29764 12414 1.9 31 17 9 27 32% 17367 399 3089 326%
c u  1.65 10 31 9 12 1557 1 29764 12383 1.9 31 17 9 27 32% 17367 399 3089 326%
c v  1.67 10 31 9 12 1557 1 29764 12261 1.9 31 17 9 27 32% 17367 399 3089 326%
c w  1.67 10 31 9 12 1557 1 29764 12180 1.9 31 17 9 27 32% 17367 399 3089 326%
c -  1.70  9 31 9 13 1557 1 30261 11016 1.9 31 17 9 25 32% 17367 399 3089 326%
c ]  1.71  9 31 10 13 1557 1 30399 11144 1.9 31 17 9 25 32% 17367 399 3089 326%
c {  1.71  9 31 10 13 1557 7 30399 11144 1.6 19 12 7 15 30% 17367 399 3089 326%
c -  1.82 10 28 10 14 1573 6 33866 12611 1.7 19 11 7 14 31% 17368 399 3089 326%
c -  1.94 10 25 10 15 1592 5 37607 13992 1.7 18 11 7 13 32% 17368 399 3089 326%
c }  1.98  9 25 11 15 1612 5 39026 15271 1.7 18 11 7 13 32% 17368 399 3089 326%
c [  1.98  9 31 11 15 1612 1 39026 15271 1.9 31 17 9 25 32% 17368 399 3089 326%
c B  1.98  9 31 11 15 1612 1 39026 15271 1.9 31 17 9 25 32% 17368 399 3089 326%
c -  2.06 10 30 11 16 1614 1 41479 15581 1.9 31 17 9 23 32% 17368 399 3089 326%
c -  2.20 10 27 11 17 1617 1 45480 17034 1.9 29 16 8 21 33% 17368 399 3089 326%
c u  2.23 10 27 11 17 1617 1 45543 16942 1.9 29 16 8 21 33% 17368 399 3089 326%
c v  2.25 10 27 11 17 1617 1 45543 16243 1.9 29 16 8 21 33% 17368 399 3089 326%
c
c seconds   switched    rate         size/glue  tier1     binary       remaining
c        MB   reductions  conflicts        size   tier2      irredundant
c         level    restarts     redundant     glue    trail       variables
c
c w  2.26 10 27 11 17 1617 1 45543 15447 1.9 29 16 8 21 33% 17368 399 3089 326%
c o  2.27 10 27 11 17 1617 1 45543 15447 1.9 29 16 8 21 33% 17368 399 3089 326%
c ]  2.27  9 28 12 17 1617 1 45721 15620 1.9 29 16 8 21 33% 17368 399 3089 326%
c {  2.27  9 25 12 17 1617 5 45721 15620 1.7 18 11 7 13 32% 17368 399 3089 326%
c -  2.39 10 23 12 18 1644 4 49603 16935 1.7 17 10 7 13 32% 17368 399 3089 326%
c -  2.49 10 22 12 19 1665 4 53845 18523 1.7 17 10 7 12 33% 17368 399 3089 326%
c }  2.58 10 21 13 19 1718 4 57200 21428 1.7 17 10 7 12 33% 17368 399 3089 326%
c [  2.58 10 28 13 19 1718 1 57200 21428 1.9 29 16 8 21 33% 17368 399 3089 326%
c W  2.59 12 28 13 19 1718 1 57200 21428 1.9 29 16 8 21 33% 17368 399 3089 326%
c e  2.60 12 29 13 19 1718 1 57493 21704 1.9 29 16 8 21 33% 17944 399 2798 295%
c ^  2.61 12 29 13 19 1718 1 57493 21704 1.9 29 16 8 21 33% 17944 399 2798 295%
c -  2.63 12 28 13 20 1718 1 58205 20019 1.9 29 16 9 21 33% 17944 399 2798 295%
c -  2.77 12 27 13 21 1722 1 62677 22183 1.8 27 15 8 20 33% 17944 399 2798 295%
c u  2.86 16 26 13 21 1723 1 64954 22654 1.8 27 15 8 20 34% 17944 399 2798 295%
c v  2.89 16 26 13 21 1723 1 64954 19756 1.8 27 15 8 20 34% 17944 399 2798 295%
c w  2.90 16 26 13 21 1723 1 64954 17886 1.8 27 15 8 20 34% 17944 399 2798 295%
c f  2.92 16 26 13 21 1723 1 64954 17886 1.8 27 15 8 20 34% 17914 399 2804 296%
c u  2.95 12 26 13 21 1723 1 64954 14934 1.8 27 15 8 20 34% 17914 399 2804 296%
c v  2.97 12 26 13 21 1723 1 64954 13754 1.8 27 15 8 20 34% 17914 399 2804 296%
c w  2.97 12 26 13 21 1723 1 64954 13554 1.8 27 15 8 20 34% 17914 399 2804 296%
c
c seconds   switched    rate         size/glue  tier1     binary       remaining
c        MB   reductions  conflicts        size   tier2      irredundant
c         level    restarts     redundant     glue    trail       variables
c
c -  3.11 14 25 13 22 1724 1 67259 15077 1.8 26 14 8 19 34% 17914 399 2804 296%
c ]  3.12 14 25 14 22 1724 1 67537 15295 1.8 26 14 8 19 34% 17914 399 2804 296%
c {  3.12 14 21 14 22 1724 4 67537 15295 1.7 17 10 7 12 33% 17914 399 2804 296%
c -  3.24 14 20 14 23 1796 3 71951 18740 1.7 17 10 7 12 33% 17914 399 2804 296%
c -  3.37 14 19 14 24 1835 3 76746 21575 1.7 16 10 7 12 34% 17914 399 2804 296%
c o  3.49 14 19 14 24 1881 3 80810 25067 1.7 16 9 7 12 34% 17914 399 2804 296%
c -  3.51 16 19 14 25 1895 3 81645 24175 1.8 16 9 7 12 34% 17914 399 2804 296%
c }  3.53 16 19 15 25 1902 3 82252 24686 1.8 16 9 7 12 34% 17914 399 2804 296%
c [  3.53 16 25 15 25 1902 1 82252 24686 1.8 26 14 8 19 34% 17914 399 2804 296%
c I  3.53 16 25 15 25 1902 1 82252 24686 1.8 26 14 8 19 34% 17914 399 2804 296%
c -  3.68 16 28 15 26 1905 1 86645 25815 1.8 29 16 9 22 34% 17914 399 2804 296%
c u  3.76 16 29 15 26 1906 1 88064 27081 1.8 29 16 9 22 34% 17914 399 2804 296%
c v  3.78 16 29 15 26 1906 1 88064 26838 1.8 29 16 9 22 34% 17914 399 2804 296%
c w  3.79 17 29 15 26 1906 1 88064 26703 1.8 29 16 9 22 34% 17914 399 2804 296%
c -  3.93 17 27 15 27 1908 1 91744 27563 1.8 28 15 9 21 35% 17914 399 2804 296%
c ]  3.99 17 27 16 27 1908 1 93123 28765 1.8 28 15 9 21 35% 17914 399 2804 296%
c {  3.99 17 19 16 27 1908 3 93123 28765 1.8 16 9 7 12 34% 17914 399 2804 296%
c -  4.11 17 18 16 28 2001 3 96942 30128 1.8 16 9 7 12 34% 17914 399 2804 296%
c -  4.26 17 18 16 29 2085 3 102234 28006 1.8 16 9 6 12 34% 17914 399 2804 296%
c e  4.36 17 17 16 29 2119 3 105405 30594 1.8 16 9 6 12 34% 19273 399 2378 251%
c
c seconds   switched    rate          size/glue tier1     binary       remaining
c        MB   reductions  conflicts         size  tier2      irredundant
c         level    restarts      redundant    glue    trail       variables
c
c ^  4.36 17 17 16 29 2119 3 105405 30594 1.8 16 9 6 12 34% 19273 399 2378 251%
c -  4.43 17 17 16 30 2143 3 107619 27267 1.8 16 9 6 11 35% 19273 399 2378 251%
c }  4.54 17 17 17 30 2211 3 111461 30657 1.8 16 9 6 11 35% 19273 399 2378 251%
c [  4.54 17 27 17 30 2211 1 111461 30657 1.8 28 15 9 21 35% 19273 399 2378 251%
c B  4.54 17 27 17 30 2211 1 111461 30657 1.8 28 15 9 21 35% 19273 399 2378 251%
c -  4.60 17 26 17 31 2212 1 113097 28933 1.9 28 15 8 21 35% 19273 399 2378 251%
c u  4.70 17 26 17 31 2213 1 115070 30011 1.9 27 15 8 21 35% 19274 399 2378 251%
c v  4.73 17 26 17 31 2213 1 115070 29282 1.9 27 15 8 21 35% 19274 399 2378 251%
c w  4.74 17 26 17 31 2213 1 115070 28826 1.9 27 15 8 21 35% 19274 399 2378 251%
c f  4.76 17 26 17 31 2213 1 115070 28826 1.9 27 15 8 21 35% 19265 399 2379 251%
c u  4.80 17 26 17 31 2213 1 115070 28434 1.9 27 15 8 21 35% 19265 399 2379 251%
c v  4.83 17 26 17 31 2213 1 115070 27168 1.9 27 15 8 21 35% 19265 399 2379 251%
c w  4.84 17 26 17 31 2213 1 115070 27117 1.9 27 15 8 21 35% 19265 399 2379 251%
c -  4.96 17 26 17 32 2216 1 118665 27887 1.9 27 15 8 20 36% 19265 399 2379 251%
c -  5.17 17 25 17 33 2218 1 124322 30502 1.9 27 14 8 20 37% 19265 399 2379 251%
c ]  5.18 17 25 18 33 2219 1 124899 31050 1.9 27 14 8 20 37% 19265 399 2379 251%
c {  5.18 17 17 18 33 2219 3 124899 31050 1.8 16 9 6 11 35% 19265 399 2379 251%
c -  5.34 17 17 18 34 2231 2 130066 33158 1.9 17 9 6 11 36% 19265 399 2379 251%
c -  5.50 17 16 18 35 2231 2 135897 35018 2.0 17 9 6 11 36% 19266 399 2379 251%
c -  5.73 17 16 18 36 2231 2 141814 36891 2.1 18 8 6 10 37% 19266 399 2379 251%
c
c seconds   switched    rate          size/glue tier1     binary       remaining
c        MB   reductions  conflicts         size  tier2      irredundant
c         level    restarts      redundant    glue    trail       variables
c
c u  5.97 23 15 18 36 2231 2 145831 40535 2.2 18 8 6 10 37% 19266 399 2379 251%
c v  6.03 23 15 18 36 2231 2 145831 40264 2.2 18 8 6 10 37% 19266 399 2379 251%
c w  6.04 23 15 18 36 2231 2 145831 40179 2.2 18 8 6 10 37% 19266 399 2379 251%
c o  6.05 23 15 18 36 2231 2 145831 40179 2.2 18 8 6 10 37% 19266 399 2379 251%
c }  6.09 19 15 19 36 2231 2 147244 41181 2.1 18 8 6 10 37% 19267 399 2379 251%
c [  6.09 19 25 19 36 2231 1 147244 41181 1.9 27 14 8 20 37% 19267 399 2379 251%
c W  6.10 17 25 19 36 2231 1 147244 41181 1.9 27 14 8 20 37% 19267 399 2379 251%
c -  6.13 17 25 19 37 2231 1 147816 38343 1.9 27 14 8 20 37% 19267 399 2379 251%
c -  6.36 17 26 19 38 2236 1 153898 40150 1.9 27 15 8 20 37% 19267 399 2379 251%
c -  6.61 17 24 19 39 2238 1 160063 42180 1.9 27 14 8 19 37% 19268 399 2379 251%
c -  6.85 19 25 19 40 2243 1 166308 43714 1.9 27 14 8 19 38% 19268 399 2379 251%
c ]  6.92 19 25 20 40 2244 1 168055 45321 1.9 27 14 8 19 38% 19268 399 2379 251%
c {  6.92 19 15 20 40 2244 2 168055 45321 2.1 18 8 6 10 37% 19268 399 2379 251%
c -  7.06 19 15 20 41 2432 2 172632 44415 2.1 17 8 6 10 37% 19268 399 2379 251%
c e  7.09 19 15 20 41 2438 2 172996 44705 2.1 17 8 6 10 37% 21871 399 1975 208%
c 2  7.09 19 15 20 41 2438 2 172996 44705 2.1 17 8 6 10 37% 21870 399 1975 208%
c ^  7.09 19 15 20 41 2438 2 172996 44705 2.1 17 8 6 10 37% 21870 399 1975 208%
c -  7.25 19 15 20 42 2657 2 179036 43315 2.1 17 8 6 10 38% 21870 399 1975 208%
c u  7.36 25 15 20 42 2723 2 180649 44429 2.1 17 8 6 10 38% 21870 399 1975 208%
c v  7.40 25 15 20 42 2723 2 180649 44337 2.1 17 8 6 10 38% 21870 399 1975 208%
c
c seconds   switched    rate          size/glue tier1     binary       remaining
c        MB   reductions  conflicts         size  tier2      irredundant
c         level    restarts      redundant    glue    trail       variables
c
c w  7.41 25 15 20 42 2723 2 180649 44200 2.1 17 8 6 10 38% 21870 399 1975 208%
c -  7.73 23 15 20 43 2850 2 185517 44230 2.0 17 8 6 10 38% 21870 399 1975 208%
c -  7.92 23 15 20 44 2994 2 192075 45821 2.0 16 8 6 10 39% 21870 399 1975 208%
c }  7.99 23 14 21 44 3077 2 194794 47995 2.0 16 8 6 10 39% 21870 399 1975 208%
c [  7.99 23 25 21 44 3077 1 194794 47995 1.9 27 14 8 19 38% 21870 399 1975 208%
c O  7.99 23 25 21 44 3077 1 194794 47995 1.9 27 14 8 19 38% 21870 399 1975 208%
c -  8.12 23 24 21 45 3079 1 198708 47998 1.9 27 14 8 19 39% 21870 399 1975 208%
c -  8.36 23 23 21 46 3083 1 205417 50328 2.0 27 14 8 18 39% 21871 399 1975 208%
c -  8.62 25 23 21 47 3087 1 212199 52003 2.0 27 13 8 18 40% 21872 399 1975 208%
c ]  8.68 23 23 22 47 3089 1 213724 53387 2.0 27 13 8 18 40% 21872 399 1975 208%
c {  8.68 23 14 22 47 3089 2 213724 53387 2.0 16 8 6 10 39% 21872 399 1975 208%
c o  8.68 23 14 22 47 3095 2 213747 53408 2.0 16 8 6 10 39% 21872 399 1975 208%
c -  8.92 23 18 22 48 4518 3 219054 52147 1.9 17 9 6 10 39% 21872 399 1975 208%
c u  8.98 23 18 22 48 4547 3 219163 52135 1.9 17 9 6 10 39% 21872 399 1975 208%
c v  9.02 25 18 22 48 4547 3 219163 49967 1.9 17 9 6 10 39% 21872 399 1975 208%
c w  9.03 25 18 22 48 4547 3 219163 49079 1.9 17 9 6 10 39% 21872 399 1975 208%
c t  9.05 25 18 22 48 4547 3 219163 49079 1.9 17 9 6 10 39% 21871 399 1975 208%
c -  9.36 23 23 22 49 6371 4 225982 50314 1.8 18 10 6 11 39% 21871 399 1975 208%
c -  9.70 23 27 22 50 8221 5 232983 51180 1.8 19 11 6 11 40% 21871 399 1975 208%
c - 10.02 23 31 22 51 10091 6 240054 51551 1.7 20 12 6 11 40% 21871 399 1975 208%
c
c seconds   switched     rate          size/glue  tier1     binary       remaining
c        MB   reductions   conflicts         size   tier2      irredundant
c         level    restarts       redundant     glue    trail       variables
c
c } 10.25 23 33 23 51 11180 7 245240 56651 1.7 21 12 6 11 40% 21871 399 1975 208%
c [ 10.25 23 23 23 51 11180 1 245240 56651 2.0 27 13 8 18 40% 21871 399 1975 208%
c B 10.25 23 23 23 51 11180 1 245240 56651 2.0 27 13 8 18 40% 21871 399 1975 208%
c - 10.32 23 24 23 52 11181 1 247195 51667 2.0 27 14 8 18 40% 21871 399 1975 208%
c - 10.61 23 27 23 53 11186 1 254407 51372 1.9 29 15 8 19 41% 21871 399 1975 208%
c e 10.92 20 30 23 53 11189 1 261381 58124 1.9 30 16 8 19 41% 28196 399 1458 154%
c 2 10.92 20 30 23 53 11189 1 261381 58124 1.9 30 16 8 19 41% 28195 399 1458 154%
c ! 10.92 20 30 23 53 11189 1 261381 58124 1.9 30 16 8 19 41% 28195 399 1458 154%
c - 10.95 23 30 23 54 11190 1 261687 46524 1.9 30 16 8 20 41% 28195 399 1458 154%
c u 11.03 25 30 23 54 11190 1 261848 46169 1.9 30 16 8 20 41% 28195 399 1458 154%
c v 11.09 25 30 23 54 11190 1 261848 46135 1.9 30 16 8 20 41% 28195 399 1458 154%
c w 11.12 25 30 23 54 11190 1 261848 46128 1.9 30 16 8 20 41% 28195 399 1458 154%
c t 11.13 25 30 23 54 11190 1 261848 46128 1.9 30 16 8 20 41% 28193 399 1458 154%
c f 11.17 25 30 23 54 11190 1 261848 46128 1.9 30 16 8 20 41% 27431 399 1501 158%
c u 11.25 25 30 23 54 11190 1 261848 45673 1.9 30 16 8 20 41% 27431 399 1501 158%
c v 11.31 25 30 23 54 11190 1 261848 45659 1.9 30 16 8 20 41% 27431 399 1501 158%
c w 11.34 25 30 23 54 11190 1 261848 45657 1.9 30 16 8 20 41% 27431 399 1501 158%
c - 11.62 23 29 23 55 11193 1 269035 47202 1.9 30 16 8 20 42% 27431 399 1501 158%
c - 11.93 23 29 23 56 11194 1 276452 49092 1.9 30 16 8 20 43% 27431 399 1501 158%
c W 11.94 19 28 23 56 11194 1 276692 49280 1.9 30 16 8 20 43% 27431 399 1501 158%
c
c seconds   switched     rate          size/glue  tier1     binary       remaining
c        MB   reductions   conflicts         size   tier2      irredundant
c         level    restarts       redundant     glue    trail       variables
c
c o 11.94 19 28 23 56 11194 1 276692 49280 1.9 30 16 8 20 43% 27431 399 1501 158%
c - 12.17 19 29 23 57 11199 1 283936 49189 1.9 29 16 8 20 44% 27431 399 1501 158%
c ] 12.18 19 29 24 57 11199 1 284193 49422 1.9 29 16 8 20 44% 27431 399 1501 158%
c { 12.18 19 33 24 57 11199 7 284193 49422 1.7 21 12 6 11 40% 27431 399 1501 158%
c - 12.37 19 31 24 58 11237 6 291486 49782 1.7 20 12 6 12 41% 27431 399 1501 158%
c - 12.59 19 30 24 59 11254 6 299102 50809 1.7 20 12 6 12 42% 27431 399 1501 158%
c - 12.85 25 28 24 60 11259 5 306785 51534 1.8 20 11 6 11 43% 27431 399 1501 158%
c u 12.96 25 28 24 60 11259 5 307896 52239 1.8 20 11 6 11 43% 27431 399 1501 158%
c v 13.02 25 28 24 60 11259 5 307896 47272 1.8 20 11 6 11 43% 27431 399 1501 158%
c w 13.03 25 28 24 60 11259 5 307896 46088 1.8 20 11 6 11 43% 27431 399 1501 158%
c t 13.04 25 28 24 60 11259 5 307896 46088 1.8 20 11 6 11 43% 27430 399 1501 158%
c - 13.20 23 27 24 61 11285 5 314530 47668 1.8 20 11 6 12 43% 27430 399 1501 158%
c } 13.36 23 26 25 61 11303 5 320870 52917 1.8 20 11 6 12 44% 27430 399 1501 158%
c [ 13.36 23 29 25 61 11303 1 320870 52917 1.9 29 16 8 20 44% 27430 399 1501 158%
c I 13.36 23 29 25 61 11303 1 320870 52917 1.9 29 16 8 20 44% 27430 399 1501 158%
c - 13.41 23 30 25 62 11304 1 322340 51182 1.9 30 16 8 20 44% 27430 399 1501 158%
c - 13.66 23 29 25 63 11309 1 330214 53272 1.9 30 16 8 20 45% 27430 399 1501 158%
c - 13.94 23 30 25 64 11313 1 338152 54151 1.9 31 16 8 20 45% 27430 399 1501 158%
c - 14.24 23 29 25 65 11317 1 346153 54494 1.9 30 16 8 20 46% 27430 399 1501 158%
c ] 14.32 25 29 26 65 11317 1 348218 56445 1.9 30 16 8 20 46% 27430 399 1501 158%
c
c seconds   switched     rate          size/glue  tier1     binary       remaining
c        MB   reductions   conflicts         size   tier2      irredundant
c         level    restarts       redundant     glue    trail       variables
c
c { 14.32 25 26 26 65 11317 5 348218 56445 1.8 20 11 6 12 44% 27430 399 1501 158%
c o 14.33 25 26 26 65 11319 5 348368 56590 1.8 20 11 6 12 44% 27430 399 1501 158%
c - 14.50 25 26 26 66 11351 5 354216 54971 1.8 20 11 6 11 44% 27430 399 1501 158%
c u 14.69 25 25 26 66 11370 4 358192 57983 1.8 19 11 6 11 45% 27430 399 1501 158%
c v 14.75 25 25 26 66 11370 4 358192 57126 1.8 19 11 6 11 45% 27430 399 1501 158%
c w 14.77 25 25 26 66 11370 4 358192 54909 1.8 19 11 6 11 45% 27430 399 1501 158%
c - 14.89 23 24 26 67 11390 4 362341 52999 1.8 19 11 6 11 45% 27430 399 1501 158%
c - 15.10 23 23 26 68 11420 4 370526 54034 1.8 19 10 6 11 46% 27430 399 1501 158%
c e 15.11 20 23 26 68 11420 4 370622 54116 1.8 19 10 6 11 46% 27546 399 1492 157%
c - 15.33 23 23 26 69 11456 4 378774 55663 1.8 19 10 6 11 46% 27546 399 1492 157%
c - 15.54 25 22 26 70 11519 4 387080 56755 1.8 18 10 6 11 46% 27546 399 1492 157%
c } 15.64 25 21 27 70 11531 4 390438 59686 1.8 18 10 6 11 47% 27546 399 1492 157%
c [ 15.64 25 29 27 70 11531 1 390438 59686 1.9 30 16 8 20 46% 27546 399 1492 157%
c B 15.64 25 29 27 70 11531 1 390438 59686 1.9 30 16 8 20 46% 27546 399 1492 157%
c - 15.82 25 33 27 71 11534 1 395449 57066 1.9 32 17 8 21 47% 27546 399 1492 157%
c - 16.14 23 35 27 72 11539 1 403876 55858 1.9 33 18 8 22 47% 27546 399 1492 157%
c - 16.46 25 36 27 73 11544 1 412361 55508 1.9 34 18 8 22 48% 27546 399 1492 157%
c u 16.57 25 36 27 73 11544 1 412816 55875 1.9 34 18 8 22 48% 27546 399 1492 157%
c v 16.62 25 36 27 73 11544 1 412816 55815 1.9 34 18 8 22 48% 27546 399 1492 157%
c w 16.64 25 36 27 73 11544 1 412816 55814 1.9 34 18 8 22 48% 27546 399 1492 157%
c
c seconds   switched     rate          size/glue  tier1     binary       remaining
c        MB   reductions   conflicts         size   tier2      irredundant
c         level    restarts       redundant     glue    trail       variables
c
c f 16.82 25 36 27 73 11544 1 412816 55814 1.9 34 18 8 22 48% 27495 399 1495 158%
c u 16.88 25 36 27 73 11544 1 412816 55756 1.9 34 18 8 22 48% 27495 399 1495 158%
c v 16.91 25 36 27 73 11544 1 412816 55716 1.9 34 18 8 22 48% 27495 399 1495 158%
c w 16.93 25 36 27 73 11544 1 412816 55715 1.9 34 18 8 22 48% 27495 399 1495 158%
c ] 17.20 23 35 28 73 11545 1 420014 62176 1.8 33 18 8 22 48% 27495 399 1495 158%
c { 17.20 23 21 28 73 11545 4 420014 62176 1.8 18 10 6 11 47% 27495 399 1495 158%
c - 17.24 23 21 28 74 11555 4 420907 56031 1.8 18 10 6 11 47% 27495 399 1495 158%
c - 17.52 23 21 28 75 11594 3 429509 57011 1.8 18 10 6 11 47% 27495 399 1495 158%
c o 17.55 25 20 28 75 11597 3 430620 57958 1.8 18 10 6 11 47% 27495 399 1495 158%
c - 17.76 25 20 28 76 11656 3 438169 57847 1.9 18 10 6 11 48% 27495 399 1495 158%
c - 18.01 23 19 28 77 11687 3 446886 58992 1.9 18 10 6 11 48% 27495 399 1495 158%
c - 18.27 25 19 28 78 11736 3 455661 59921 1.9 17 9 6 11 48% 27496 399 1495 158%
c - 18.59 25 18 28 79 11783 3 464492 61244 1.9 17 9 6 11 48% 27497 399 1495 158%
c } 18.71 25 18 29 79 11794 3 468153 64257 1.9 17 9 6 11 48% 27499 399 1495 158%
c [ 18.71 25 35 29 79 11794 1 468153 64257 1.8 33 18 8 22 48% 27499 399 1495 158%
c W 18.73 19 35 29 79 11794 1 468153 64257 1.8 33 18 8 22 48% 27499 399 1495 158%
c u 18.96 23 35 29 79 11796 1 471808 58729 1.9 34 18 8 22 48% 27499 399 1495 158%
c v 19.02 23 35 29 79 11796 1 471808 49797 1.9 34 18 8 22 48% 27499 399 1495 158%
c w 19.06 23 35 29 79 11796 1 471808 49636 1.9 34 18 8 22 48% 27499 399 1495 158%
c - 19.14 23 35 29 80 11798 1 473381 48380 1.9 33 18 8 22 48% 27499 399 1495 158%
c
c seconds   switched     rate          size/glue  tier1     binary       remaining
c        MB   reductions   conflicts         size   tier2      irredundant
c         level    restarts       redundant     glue    trail       variables
c
c - 19.44 23 34 29 81 11802 1 482326 54166 1.9 33 18 8 22 48% 27500 399 1495 158%
c - 19.82 23 33 29 82 11807 1 491328 57789 1.9 33 18 8 22 48% 27500 399 1495 158%
c - 20.26 25 32 29 83 11808 1 500383 59908 1.9 33 17 8 21 48% 27500 399 1495 158%
c ] 20.38 25 32 30 83 11810 1 503019 62289 1.9 33 17 8 21 48% 27500 399 1495 158%
c { 20.38 25 18 30 83 11810 3 503019 62289 1.9 17 9 6 11 48% 27500 399 1495 158%
c e 20.45 25 18 30 83 11836 3 504469 63404 1.9 17 9 6 11 48% 27511 399 1494 158%
c - 20.63 25 18 30 84 11891 3 509493 61721 1.9 17 9 6 11 48% 27511 399 1494 158%
c - 20.91 25 17 30 85 11955 3 518659 62427 1.9 17 9 6 11 49% 27511 399 1494 158%
c - 21.19 25 17 30 86 12002 2 527880 63033 1.9 17 9 6 11 49% 27512 399 1494 158%
c o 21.34 25 16 30 86 12058 2 533181 67294 1.9 16 9 6 11 49% 27512 399 1494 158%
c u 21.53 25 16 30 86 12103 2 535260 61171 1.9 16 9 6 11 49% 27512 399 1494 158%
c v 21.58 27 16 30 86 12103 2 535260 51120 1.9 16 9 6 11 49% 27512 399 1494 158%
c w 21.60 27 16 30 86 12103 2 535260 49979 1.9 16 9 6 11 49% 27512 399 1494 158%
c t 21.61 27 16 30 86 12103 2 535260 49979 1.9 16 9 6 11 49% 27511 399 1494 158%
c f 21.61 27 16 30 86 12103 2 535260 49979 1.9 16 9 6 11 49% 27494 399 1495 158%
c u 21.72 27 16 30 86 12103 2 535260 46279 1.9 16 9 6 11 49% 27494 399 1495 158%
c v 21.76 27 16 30 86 12103 2 535260 46229 1.9 16 9 6 11 49% 27494 399 1495 158%
c w 21.76 27 16 30 86 12103 2 535260 46226 1.9 16 9 6 11 49% 27494 399 1495 158%
c - 21.83 27 16 30 87 12150 2 537155 44947 1.9 16 9 6 11 49% 27494 399 1495 158%
c - 22.08 27 16 30 88 12310 2 546483 51123 1.9 16 9 6 11 49% 27494 399 1495 158%
c
c seconds   switched     rate          size/glue tier1     binary       remaining
c        MB   reductions   conflicts         size  tier2      irredundant
c         level    restarts       redundant    glue    trail       variables
c
c - 22.34 27 16 30 89 12418 2 555863 56111 1.9 16 9 6 11 49% 27495 399 1495 158%
c } 22.39 27 16 31 89 12431 2 557453 57375 1.9 16 9 6 11 49% 27495 399 1495 158%
c [ 22.39 27 32 31 89 12431 1 557453 57375 1.9 33 17 8 21 48% 27495 399 1495 158%
c O 22.39 27 32 31 89 12431 1 557453 57375 1.9 33 17 8 21 48% 27495 399 1495 158%
c - 22.66 27 31 31 90 12436 1 565297 58656 1.9 32 17 8 21 49% 27496 399 1495 158%
c - 23.06 27 30 31 91 12441 1 574784 61441 1.9 32 17 7 21 49% 27496 399 1495 158%
c i 23.41 27 29 31 91 12445 1 582626 67939 1.9 31 16 7 21 49% 27502 399 1494 158%
c - 23.48 27 29 31 92 12445 1 584324 42934 1.9 31 16 7 20 49% 27446 399 1494 158%
c - 23.82 27 30 31 93 12448 1 593915 45514 1.9 32 17 7 21 49% 27446 399 1494 158%
c ] 23.98 27 31 32 93 12451 1 597854 49250 1.9 33 17 7 21 49% 27446 399 1494 158%
c { 23.98 27 16 32 93 12451 2 597854 49250 1.9 16 9 6 11 49% 27446 399 1494 158%
c u 24.27 27 15 32 93 12514 2 603223 53080 1.9 16 9 6 11 49% 27446 399 1494 158%
c v 24.35 27 15 32 93 12514 2 603223 53016 1.9 16 9 6 11 49% 27446 399 1494 158%
c w 24.39 27 15 32 93 12514 2 603223 52831 1.9 16 9 6 11 49% 27446 399 1494 158%
c - 24.42 27 15 32 94 12529 2 603558 49163 1.9 16 9 6 10 49% 27446 399 1494 158%
c - 24.72 27 15 32 95 12647 2 613253 53058 1.9 16 8 6 10 50% 27447 399 1494 158%
c - 24.99 27 15 32 96 12882 2 623001 55385 1.9 16 8 6 10 50% 27447 399 1494 158%
c - 25.26 27 15 32 97 13087 2 632799 57288 1.9 16 8 6 10 50% 27448 399 1494 158%
c o 25.27 27 15 32 97 13120 2 633191 57606 1.9 16 8 6 10 50% 27448 399 1494 158%
c - 25.53 27 14 32 98 13240 2 642647 58624 1.9 15 8 6 10 50% 27448 399 1494 158%
c
c seconds   switched     rate          size/glue tier1     binary       remaining
c        MB   reductions   conflicts         size  tier2      irredundant
c         level    restarts       redundant    glue    trail       variables
c
c - 25.81 27 14 32 99 13370 2 652546 59841 1.9 15 8 6 10 50% 27449 399 1494 158%
c } 25.97 27 14 33 99 13485 2 658958 64830 1.9 15 8 6 10 50% 27449 399 1494 158%
c [ 25.97 27 31 33 99 13485 1 658958 64830 1.9 33 17 7 21 49% 27449 399 1494 158%
c B 25.97 27 31 33 99 13485 1 658958 64830 1.9 33 17 7 21 49% 27449 399 1494 158%
c - 26.10 27 33 33 100 13487 1 662495 59439 1.8 34 18 7 21 49% 27449 399 1494 158%
c e 26.17 27 33 33 100 13489 1 664237 61063 1.8 34 19 7 21 49% 27460 399 1493 157%
c - 26.50 27 36 33 101 13493 1 672497 57210 1.7 36 21 8 23 49% 27460 399 1493 157%
c u 26.74 27 37 33 101 13495 1 675760 58952 1.7 37 21 8 23 49% 27460 399 1493 157%
c v 26.80 27 37 33 101 13495 1 675760 57222 1.7 37 21 8 23 49% 27460 399 1493 157%
c w 26.85 27 37 33 101 13495 1 675760 56955 1.7 37 21 8 23 49% 27460 399 1493 157%
c - 27.15 27 39 33 102 13498 1 682548 54178 1.7 38 22 8 23 49% 27460 399 1493 157%
c - 27.58 27 41 33 103 13500 1 692647 55963 1.7 39 23 8 24 49% 27460 399 1493 157%
c ] 27.96 27 42 34 103 13506 1 701751 64597 1.7 40 23 8 24 49% 27460 399 1493 157%
c { 27.96 27 14 34 103 13506 2 701751 64597 1.9 15 8 6 10 50% 27460 399 1493 157%
c - 28.01 27 14 34 104 13516 2 702795 57118 1.9 15 8 6 10 50% 27460 399 1493 157%
c - 28.39 27 13 34 105 13516 2 712993 56401 1.8 14 8 6 10 50% 27463 399 1493 157%
c - 28.75 27 13 34 106 13516 2 723239 55033 1.8 14 8 6 10 50% 27464 399 1493 157%
c - 29.12 27 12 34 107 13517 2 733534 45833 1.8 13 7 5 10 50% 27466 399 1493 157%
c - 29.50 27 11 34 108 13517 2 743878 45057 1.8 13 7 5 10 50% 27468 399 1493 157%
c u 29.89 27 11 34 108 13517 2 752912 48789 1.7 12 7 5 10 50% 27469 399 1493 157%
c
c seconds   switched      rate          size/glue tier1     binary       remaining
c        MB   reductions    conflicts         size  tier2      irredundant
c         level     restarts       redundant    glue    trail       variables
c
c v 29.93 27 11 34 108 13517 2 752912 44203 1.7 12 7 5 10 50% 27469 399 1493 157%
c w 29.93 27 11 34 108 13517 2 752912 44196 1.7 12 7 5 10 50% 27469 399 1493 157%
c o 30.31 27 11 34 108 13517 2 752912 44196 1.7 12 7 5 10 50% 27469 399 1493 157%
c - 30.35 27 11 34 109 13521 2 754270 43434 1.7 12 7 5 10 50% 27469 399 1493 157%
c - 30.62 27 11 34 110 13521 2 764710 47927 1.7 12 7 5 10 50% 27469 399 1493 157%
c } 30.78 27 10 35 110 13521 2 769897 50434 1.7 12 7 5 10 51% 27469 399 1493 157%
c [ 30.78 27 42 35 110 13521 1 769897 50434 1.7 40 23 8 24 49% 27469 399 1493 157%
c W 30.79 27 42 35 110 13521 1 769897 50434 1.7 40 23 8 24 49% 27469 399 1493 157%
c - 30.97 27 40 35 111 13525 1 775198 54419 1.7 39 23 8 24 49% 27469 399 1493 157%
c - 31.38 27 38 35 112 13530 1 785733 61704 1.7 38 22 8 23 49% 27469 399 1493 157%
c - 31.80 27 37 35 113 13535 1 796317 66516 1.8 37 21 8 23 49% 27469 399 1493 157%
c - 32.26 27 36 35 114 13539 1 806947 67394 1.8 37 21 7 23 50% 27469 399 1493 157%
c - 32.75 27 36 35 115 13545 1 817627 66515 1.8 37 21 7 23 50% 27469 399 1493 157%
c ] 32.99 27 35 36 115 13548 1 821821 70254 1.8 37 21 7 23 49% 27469 399 1493 157%
c { 32.99 27 10 36 115 13548 2 821821 70254 1.7 12 7 5 10 51% 27469 399 1493 157%
c - 33.26 27 10 36 116 14005 2 828350 66161 1.7 12 7 5 10 51% 27469 399 1493 157%
c u 33.55 27 11 36 116 14479 2 834732 70523 1.7 12 7 5 10 51% 27469 399 1493 157%
c v 33.63 27 11 36 116 14479 2 834732 70397 1.7 12 7 5 10 51% 27469 399 1493 157%
c w 33.67 27 11 36 116 14479 2 834732 70307 1.7 12 7 5 10 51% 27469 399 1493 157%
c - 33.84 27 11 36 117 14836 2 839121 67048 1.7 12 7 5 10 51% 27469 399 1493 157%
c
c seconds   switched      rate          size/glue tier1     binary       remaining
c        MB   reductions    conflicts         size  tier2      irredundant
c         level     restarts       redundant    glue    trail       variables
c
c - 34.18 27 11 36 118 15609 2 849938 67520 1.7 12 7 5 10 51% 27469 399 1493 157%
c - 34.49 27 11 36 119 16180 2 860800 67792 1.7 12 7 5 10 51% 27471 399 1493 157%
c - 34.88 27 11 36 120 16900 2 871711 67868 1.7 12 7 5 9 51% 27471 399 1493 157%
c o 34.97 27 11 36 120 17031 2 874209 69547 1.7 12 7 5 9 51% 27471 399 1493 157%
c - 35.23 27 11 36 121 17556 2 882666 69112 1.7 12 7 5 9 51% 27471 399 1493 157%
c - 35.54 27 11 36 122 18105 2 893668 71213 1.7 12 7 5 9 51% 27471 399 1493 157%
c } 35.65 27 11 37 122 18254 2 897377 73955 1.7 12 7 5 9 51% 27471 399 1493 157%
c [ 35.65 27 35 37 122 18254 1 897377 73955 1.8 37 21 7 23 49% 27471 399 1493 157%
c I 35.65 27 35 37 122 18254 1 897377 73955 1.8 37 21 7 23 49% 27471 399 1493 157%
c - 35.95 27 36 37 123 18259 1 904713 72846 1.8 37 21 7 23 49% 27471 399 1493 157%
c - 36.39 27 37 37 124 18265 1 915803 73157 1.7 37 21 7 23 49% 27471 399 1493 157%
c u 36.79 27 37 37 124 18267 1 921278 75109 1.7 37 21 7 23 49% 27472 399 1493 157%
c v 36.90 27 37 37 124 18267 1 921278 74827 1.7 37 21 7 23 49% 27472 399 1493 157%
c w 36.95 27 37 37 124 18267 1 921278 73568 1.7 37 21 7 23 49% 27472 399 1493 157%
c - 37.21 27 36 37 125 18268 1 926942 70103 1.7 36 21 7 23 49% 27473 399 1493 157%
c - 37.68 27 35 37 126 18274 1 938122 71921 1.8 36 20 7 23 49% 27473 399 1493 157%
c - 38.25 27 34 37 127 18281 1 949347 72316 1.8 36 20 7 23 49% 27473 399 1493 157%
c ] 38.47 27 34 38 127 18282 1 953861 76441 1.8 36 20 7 23 49% 27473 399 1493 157%
c { 38.47 27 11 38 127 18282 2 953861 76441 1.7 12 7 5 9 51% 27473 399 1493 157%
c - 39.03 27 15 38 128 19697 2 960616 71613 1.6 13 8 5 9 51% 27473 399 1493 157%
c
c seconds   switched      rate          size/glue  tier1     binary       remaining
c        MB   reductions    conflicts         size   tier2      irredundant
c         level     restarts       redundant     glue    trail       variables
c
c - 40.02 27 20 38 129 22060 4 971930 69122 1.6 16 10 5 10 50% 27473 399 1493 157%
c - 40.86 27 25 38 130 24422 4 983290 65663 1.6 18 11 5 10 50% 27473 399 1493 157%
c - 41.69 27 29 38 131 26810 5 994691 64571 1.6 20 12 5 10 50% 27473 399 1493 157%
c o 42.40 27 32 38 131 28798 6 1004258 73921 1.6 21 13 5 10 50% 27473 399 1493 157%
c - 42.56 27 33 38 132 29194 6 1006137 64544 1.6 22 14 5 10 50% 27474 399 1493 157%
c u 43.25 27 34 38 132 30542 7 1012596 56099 1.6 23 14 5 10 49% 27474 399 1493 157%
c v 43.42 27 34 38 132 30542 7 1012596 55807 1.6 23 14 5 10 49% 27474 399 1493 157%
c w 43.51 27 34 38 132 30542 7 1012596 55799 1.6 23 14 5 10 49% 27474 399 1493 157%
c t 43.55 27 34 38 132 30542 7 1012596 55799 1.6 23 14 5 10 49% 27473 399 1493 157%
c - 44.01 27 36 38 133 31569 7 1017626 49327 1.6 24 15 5 10 49% 27473 399 1493 157%
c - 44.89 27 39 38 134 33912 7 1029158 49759 1.6 25 16 5 10 49% 27475 399 1493 157%
c } 45.51 27 40 39 134 35461 8 1037194 57515 1.6 26 16 5 10 49% 27475 399 1493 157%
c [ 45.51 27 34 39 134 35461 1 1037194 57515 1.8 36 20 7 23 49% 27475 399 1493 157%
c B 45.52 27 34 39 134 35461 1 1037194 57515 1.8 36 20 7 23 49% 27475 399 1493 157%
c - 45.71 27 33 39 135 35463 1 1040734 50653 1.8 35 20 7 22 49% 27475 399 1493 157%
c - 46.28 27 33 39 136 35470 1 1052353 52655 1.8 35 19 7 22 50% 27475 399 1493 157%
c - 46.98 27 31 39 137 35475 1 1064014 55097 1.9 35 19 7 22 50% 27475 399 1493 157%
c - 47.65 27 30 39 138 35480 1 1075719 57400 1.9 34 18 6 21 50% 27476 399 1493 157%
c i 47.75 27 30 39 138 35481 1 1077829 59078 1.9 34 18 6 21 50% 27481 399 1492 157%
c - 48.17 27 30 39 139 35487 1 1087469 41996 1.9 34 18 6 21 50% 27427 399 1492 157%
c
c seconds   switched      rate           size/glue  tier1     binary       remaining
c        MB   reductions     conflicts         size   tier2      irredundant
c         level     restarts        redundant     glue    trail       variables
c
c - 48.68 27 29 39 140 35490 1 1099260 48628 1.9 34 18 6 21 50% 27428 399 1492 157%
c u 49.31 27 30 39 140 35491 1 1108742 56727 1.9 34 18 6 21 50% 27428 399 1492 157%
c v 49.52 27 30 39 140 35491 1 1108742 54955 1.9 34 18 6 21 50% 27428 399 1492 157%
c w 49.62 37 30 39 140 35491 1 1108742 54546 1.9 34 18 6 21 50% 27428 399 1492 157%
c t 49.63 37 30 39 140 35491 1 1108742 54546 1.9 34 18 6 21 50% 27426 399 1492 157%
c W 49.73 27 30 39 140 35491 1 1110169 55877 1.9 34 18 6 21 50% 27426 399 1492 157%
c - 49.77 27 30 39 141 35491 1 1111093 48878 1.9 34 18 6 21 50% 27426 399 1492 157%
c - 50.36 27 31 39 142 35494 1 1122968 48420 1.9 35 19 6 21 50% 27426 399 1492 157%
c - 51.01 27 31 39 143 35501 1 1134886 48117 1.9 35 19 6 21 50% 27426 399 1492 157%
c - 51.64 27 30 39 144 35506 1 1146846 51093 1.9 35 19 6 21 50% 27426 399 1492 157%
c - 52.20 27 32 39 145 35512 1 1158846 50781 1.9 36 19 6 21 50% 27426 399 1492 157%
c - 52.81 27 32 39 146 35519 1 1170888 47997 1.9 37 20 6 21 50% 27426 399 1492 157%
c ] 53.01 27 32 40 146 35520 1 1174965 51799 1.9 37 20 6 21 50% 27426 399 1492 157%
c { 53.01 27 40 40 146 35520 8 1174965 51799 1.6 26 16 5 10 49% 27426 399 1492 157%
c o 53.01 27 40 40 146 35525 8 1174991 51825 1.6 26 16 5 10 49% 27426 399 1492 157%
c - 53.34 27 39 40 147 35529 7 1182971 49889 1.6 26 16 5 10 49% 27426 399 1492 157%
c - 53.88 27 36 40 148 35533 6 1195095 53207 1.7 25 15 5 10 49% 27427 399 1492 157%
c - 54.37 27 34 40 149 35537 6 1207260 54497 1.7 24 14 5 10 49% 27427 399 1492 157%
c u 54.64 27 33 40 149 35537 6 1209756 55912 1.7 24 14 5 10 49% 27427 399 1492 157%
c v 54.82 27 33 40 149 35537 6 1209756 45395 1.7 24 14 5 10 49% 27427 399 1492 157%
c
c seconds   switched      rate           size/glue  tier1     binary       remaining
c        MB   reductions     conflicts         size   tier2      irredundant
c         level     restarts        redundant     glue    trail       variables
c
c w 54.86 27 33 40 149 35537 6 1209756 39636 1.7 24 14 5 10 49% 27427 399 1492 157%
c - 55.26 27 32 40 150 35548 5 1219466 44031 1.7 24 14 5 10 49% 27427 399 1492 157%
c - 55.74 27 30 40 151 35561 5 1231713 50584 1.8 24 13 5 10 49% 27427 399 1492 157%
c - 56.19 27 28 40 152 35587 4 1244003 53401 1.8 23 13 5 10 50% 27427 399 1492 157%
c - 56.66 27 26 40 153 35600 4 1256333 53881 1.8 23 13 5 10 50% 27428 399 1492 157%
c } 57.02 27 25 41 153 35622 4 1266438 62588 1.8 22 12 5 10 50% 27428 399 1492 157%
c [ 57.02 27 32 41 153 35622 1 1266438 62588 1.9 37 20 6 21 50% 27428 399 1492 157%
c O 57.02 27 32 41 153 35622 1 1266438 62588 1.9 37 20 6 21 50% 27428 399 1492 157%
c - 57.12 27 32 41 154 35624 1 1268704 54621 1.9 37 20 6 21 50% 27428 399 1492 157%
c - 57.67 27 32 41 155 35631 1 1281114 53455 1.9 37 20 6 21 50% 27430 399 1492 157%
c - 58.29 27 33 41 156 35636 1 1293563 50112 1.8 37 20 5 21 50% 27430 399 1492 157%
c - 58.97 27 32 41 157 35642 1 1306052 51257 1.9 37 20 5 21 50% 27430 399 1492 157%
c e 59.34 27 31 41 157 35645 1 1312643 57121 1.9 36 20 5 21 50% 27445 399 1491 157%
c u 59.68 27 31 41 157 35647 1 1315678 59402 1.9 36 20 5 21 50% 27445 399 1491 157%
c v 59.84 27 31 41 157 35647 1 1315678 59344 1.9 36 20 5 21 50% 27445 399 1491 157%
c w 59.93 37 31 41 157 35647 1 1315678 58175 1.9 36 20 5 21 50% 27445 399 1491 157%
c f 59.95 37 31 41 157 35647 1 1315678 58175 1.9 36 20 5 21 50% 27428 399 1492 157%
c u 60.09 37 31 41 157 35647 1 1315678 57664 1.9 36 20 5 21 50% 27428 399 1492 157%
c v 60.24 37 31 41 157 35647 1 1315678 57584 1.9 36 20 5 21 50% 27428 399 1492 157%
c w 60.32 37 31 41 157 35647 1 1315678 56448 1.9 36 20 5 21 50% 27428 399 1492 157%
c
c seconds   switched      rate           size/glue  tier1     binary       remaining
c        MB   reductions     conflicts         size   tier2      irredundant
c         level     restarts        redundant     glue    trail       variables
c
c - 60.51 31 31 41 158 35649 1 1318581 51796 1.9 36 19 5 21 50% 27428 399 1492 157%
c - 61.25 33 30 41 159 35651 1 1331153 54841 1.9 36 19 5 21 50% 27428 399 1492 157%
c ] 61.44 31 29 42 159 35652 1 1334551 57751 1.9 35 19 5 21 50% 27428 399 1492 157%
c { 61.44 31 25 42 159 35652 4 1334551 57751 1.8 22 12 5 10 50% 27428 399 1492 157%
c - 61.94 31 24 42 160 35673 4 1343762 57443 1.8 22 12 5 10 50% 27430 399 1492 157%
c i 62.23 33 23 42 160 35701 4 1349109 61758 1.8 22 12 5 10 50% 27445 399 1491 157%
c o 62.23 33 23 42 160 35701 4 1349109 61758 1.8 22 12 5 10 50% 27445 399 1491 157%
c - 62.50 31 23 42 161 35724 3 1356411 38932 1.8 21 11 5 10 50% 27377 399 1491 157%
c - 62.90 31 22 42 162 35756 3 1369099 47252 1.8 21 11 5 10 50% 27377 399 1491 157%
c - 63.30 31 21 42 163 35797 3 1381826 53177 1.8 20 11 5 10 51% 27377 399 1491 157%
c - 63.81 33 20 42 164 35838 3 1394593 55878 1.9 20 11 5 10 51% 27377 399 1491 157%
c - 64.27 33 19 42 165 35883 3 1407400 57783 1.9 20 10 5 10 51% 27377 399 1491 157%
c - 64.71 33 19 42 166 35947 2 1420245 59050 1.9 19 10 5 10 51% 27377 399 1491 157%
c u 65.12 27 18 42 166 36005 2 1426562 63524 1.9 19 10 5 10 51% 27377 399 1491 157%
c v 65.28 27 18 42 166 36005 2 1426562 53632 1.9 19 10 5 10 51% 27377 399 1491 157%
c w 65.34 27 18 42 166 36005 2 1426562 50589 1.9 19 10 5 10 51% 27377 399 1491 157%
c t 66.00 27 18 42 166 36005 2 1426562 50589 1.9 19 10 5 10 51% 27376 399 1491 157%
c - 66.24 27 18 42 167 36047 2 1433130 53279 1.9 19 10 5 10 51% 27376 399 1491 157%
c } 66.29 27 18 43 167 36067 2 1434525 54532 1.9 19 10 5 10 51% 27376 399 1491 157%
c [ 66.29 27 29 43 167 36067 1 1434525 54532 1.9 35 19 5 21 50% 27376 399 1491 157%
c
c seconds   switched      rate           size/glue  tier1     binary       remaining
c        MB   reductions     conflicts         size   tier2      irredundant
c         level     restarts        redundant     glue    trail       variables
c
c B 66.29 27 29 43 167 36067 1 1434525 54532 1.9 35 19 5 21 50% 27376 399 1491 157%
c - 66.79 27 29 43 168 36073 1 1446053 58778 1.9 35 18 5 20 50% 27377 399 1491 157%
c - 67.46 27 29 43 169 36080 1 1459014 59836 1.9 35 18 5 20 50% 27377 399 1491 157%
c - 68.17 27 29 43 170 36085 1 1472015 60398 1.9 34 18 5 20 50% 27377 399 1491 157%
c - 68.88 27 28 43 171 36093 1 1485055 63661 1.9 34 18 5 20 50% 27377 399 1491 157%
c - 69.63 27 26 43 172 36096 1 1498131 65304 1.9 33 17 5 20 50% 27377 399 1491 157%
c i 69.82 27 26 43 172 36097 1 1501221 67866 1.9 32 17 5 20 50% 27383 399 1490 157%
c - 70.34 27 27 43 173 36097 1 1511245 46773 2.0 33 17 5 20 50% 27326 399 1490 157%
c ] 70.50 27 27 44 173 36097 1 1514468 49780 2.0 33 17 5 20 50% 27326 399 1490 157%
c { 70.50 27 18 44 173 36097 2 1514468 49780 1.9 19 10 5 10 51% 27326 399 1490 157%
c o 70.50 27 18 44 173 36099 2 1514567 49876 1.9 19 10 5 10 51% 27326 399 1490 157%
c - 70.87 27 17 44 174 36182 2 1524397 54617 1.9 18 10 5 10 51% 27326 399 1490 157%
c - 71.37 27 17 44 175 36238 2 1537591 60099 1.9 18 10 5 10 51% 27328 399 1490 157%
c u 71.69 27 17 44 175 36275 2 1542424 63380 1.9 18 9 5 10 51% 27328 399 1490 157%
c v 71.82 27 17 44 175 36275 2 1542424 53121 1.9 18 9 5 10 51% 27329 399 1490 157%
c w 71.87 27 17 44 175 36275 2 1542424 50839 1.9 18 9 5 10 51% 27329 399 1490 157%
c - 72.21 27 16 44 176 36327 2 1550822 52015 1.9 18 9 5 10 51% 27330 399 1490 157%
c - 72.66 27 16 44 177 36428 2 1564089 60601 1.9 17 9 5 10 51% 27330 399 1490 157%
c - 73.14 27 15 44 178 36485 2 1577394 66618 1.9 17 9 5 10 51% 27332 399 1490 157%
c e 73.57 27 15 44 178 36706 2 1589412 76452 1.9 17 9 5 10 51% 27347 399 1489 157%
c
c seconds   switched      rate           size/glue tier1     binary       remaining
c        MB   reductions     conflicts         size  tier2      irredundant
c         level     restarts        redundant    glue    trail       variables
c
c - 73.63 27 15 44 179 36741 2 1590735 68174 1.9 17 9 5 10 51% 27347 399 1489 157%
c - 74.10 27 15 44 180 36973 2 1604114 68749 1.9 17 9 5 10 51% 27348 399 1489 157%
c - 74.58 27 15 44 181 37120 2 1617531 69968 1.9 16 9 5 10 51% 27348 399 1489 157%
c } 74.78 27 14 45 181 37199 2 1623302 74695 1.9 16 9 5 10 51% 27348 399 1489 157%
c [ 74.78 27 27 45 181 37199 1 1623302 74695 2.0 33 17 5 20 50% 27348 399 1489 157%
c W 74.79 27 27 45 181 37199 1 1623302 74695 2.0 33 17 5 20 50% 27348 399 1489 157%
c - 75.12 27 27 45 182 37204 1 1630984 70088 2.0 33 17 5 20 50% 27348 399 1489 157%
c - 75.79 27 27 45 183 37212 1 1644474 69310 2.0 34 17 5 20 50% 27348 399 1489 157%
c - 76.49 27 27 45 184 37215 1 1658002 68677 2.0 34 17 5 19 50% 27348 399 1489 157%
c u 76.91 27 26 45 184 37219 1 1663345 73076 2.0 34 17 5 19 50% 27348 399 1489 157%
c v 77.07 27 26 45 184 37219 1 1663345 72671 2.0 34 17 5 19 50% 27348 399 1489 157%
c w 77.17 37 26 45 184 37219 1 1663345 70219 2.0 34 17 5 19 50% 27348 399 1489 157%
c f 77.19 37 26 45 184 37219 1 1663345 70219 2.0 34 17 5 19 50% 27331 399 1490 157%
c u 77.36 33 26 45 184 37219 1 1663345 69646 2.0 34 17 5 19 50% 27332 399 1490 157%
c v 77.53 33 26 45 184 37219 1 1663345 69338 2.0 34 17 5 19 50% 27332 399 1490 157%
c w 77.60 33 26 45 184 37219 1 1663345 68822 2.0 34 17 5 19 50% 27332 399 1490 157%
c - 78.11 33 26 45 185 37223 1 1671568 65938 2.0 34 17 5 19 50% 27332 399 1490 157%
c - 78.87 33 25 45 186 37228 1 1685170 69249 2.0 33 16 5 19 50% 27332 399 1490 157%
c i 79.20 33 25 45 186 37229 1 1691105 74163 2.0 33 16 5 19 50% 27336 399 1489 157%
c o 79.21 33 25 45 186 37229 1 1691105 74163 2.0 33 16 5 19 50% 27336 399 1489 157%
c
c seconds   switched      rate           size/glue  tier1     binary       remaining
c        MB   reductions     conflicts         size   tier2      irredundant
c         level     restarts        redundant     glue    trail       variables
c
c ] 79.53 35 37 46 186 37229 1 1698756 81472 1.8 35 19 5 19 50% 27336 399 1489 157%
c { 79.53 35 14 46 186 37229 2 1698756 81472 1.9 16 9 5 10 51% 27336 399 1489 157%
c - 79.54 29 14 46 187 37241 2 1698808 49601 1.9 16 9 5 10 51% 27278 399 1489 157%
c - 80.08 29 14 46 188 37491 2 1712483 58331 1.9 16 9 5 10 51% 27278 399 1489 157%
c - 80.59 31 14 46 189 37754 2 1726195 67284 1.9 16 8 5 10 51% 27278 399 1489 157%
c - 81.16 31 14 46 190 37888 2 1739942 70872 1.9 16 8 5 10 51% 27279 399 1489 157%
c - 81.64 31 13 46 191 38142 2 1753726 73562 1.9 15 8 5 10 51% 27279 399 1489 157%
c - 82.21 31 13 46 192 38440 2 1767546 75786 1.8 15 8 5 10 51% 27280 399 1489 157%
c - 82.79 31 13 46 193 38743 2 1781402 76904 1.8 15 8 5 10 51% 27280 399 1489 157%
c u 83.31 33 13 46 193 38925 2 1789332 75016 1.8 15 8 5 10 51% 27280 399 1489 157%
c v 83.48 33 13 46 193 38925 2 1789332 64855 1.8 15 8 5 10 51% 27280 399 1489 157%
c w 83.54 33 13 46 193 38925 2 1789332 63790 1.8 15 8 5 10 51% 27280 399 1489 157%
c - 83.81 31 13 46 194 39138 2 1795294 62272 1.8 15 8 5 10 51% 27280 399 1489 157%
c - 84.35 31 13 46 195 39400 2 1809223 52469 1.8 15 8 4 10 51% 27283 399 1489 157%
c } 84.65 29 13 47 195 39590 2 1816800 58084 1.8 14 8 4 10 51% 27286 399 1489 157%
c [ 84.65 29 37 47 195 39590 1 1816800 58084 1.8 35 19 5 19 50% 27286 399 1489 157%
c I 84.65 29 37 47 195 39590 1 1816800 58084 1.8 35 19 5 19 50% 27286 399 1489 157%
c - 84.96 31 42 47 196 39595 1 1823187 50165 1.7 37 21 5 19 50% 27286 399 1489 157%
c - 85.66 31 40 47 197 39602 1 1837190 50954 1.8 35 20 5 19 51% 27286 399 1489 157%
c - 86.31 31 37 47 198 39606 1 1851225 53951 1.8 34 19 5 19 51% 27288 399 1489 157%
c
c seconds   switched      rate           size/glue  tier1     binary       remaining
c        MB   reductions     conflicts         size   tier2      irredundant
c         level     restarts        redundant     glue    trail       variables
c
c - 87.00 33 35 47 199 39614 1 1865297 54656 1.8 34 19 5 19 51% 27288 399 1489 157%
c - 87.75 33 34 47 200 39619 1 1879403 54179 1.8 34 18 5 19 51% 27288 399 1489 157%
c - 88.53 33 35 47 201 39620 1 1893546 51373 1.8 35 19 5 19 51% 27288 399 1489 157%
c o 88.76 31 35 47 201 39620 1 1898568 56083 1.8 35 19 5 19 51% 27288 399 1489 157%
c ] 88.87 31 35 48 201 39623 1 1901231 58577 1.8 35 20 5 19 51% 27288 399 1489 157%
c { 88.87 31 13 48 201 39623 2 1901231 58577 1.8 14 8 4 10 51% 27288 399 1489 157%
c - 89.14 33 13 48 202 39729 2 1907724 49617 1.8 14 8 4 10 51% 27288 399 1489 157%
c u 89.80 33 13 48 202 40066 2 1920433 57325 1.8 14 8 4 10 51% 27288 399 1489 157%
c v 90.00 33 13 48 202 40066 2 1920433 56727 1.8 14 8 4 10 51% 27288 399 1489 157%
c w 90.08 33 13 48 202 40066 2 1920433 56124 1.8 14 8 4 10 51% 27288 399 1489 157%
c - 90.18 31 13 48 203 40111 2 1921937 50071 1.8 14 8 4 10 51% 27288 399 1489 157%
c - 90.70 33 13 48 204 40589 2 1936184 52882 1.8 14 8 4 9 51% 27289 399 1489 157%
c - 91.22 33 13 48 205 41037 2 1950467 53846 1.8 14 8 4 9 51% 27290 399 1489 157%
c - 91.72 31 12 48 206 41472 2 1964786 54217 1.8 14 8 4 9 51% 27290 399 1489 157%
c - 92.25 33 12 48 207 42026 2 1979138 54222 1.8 14 8 4 9 51% 27290 399 1489 157%
c - 92.76 31 12 48 208 42297 2 1993525 54812 1.8 14 8 4 9 51% 27290 399 1489 157%
c - 93.37 33 12 48 209 42854 2 2007947 55099 1.8 14 8 4 9 51% 27290 399 1489 157%
c - 93.92 31 12 48 210 43302 2 2022405 55044 1.8 14 8 4 9 51% 27292 399 1489 157%
c } 94.14 33 12 49 210 43522 2 2028842 59867 1.8 14 8 4 9 51% 27292 399 1489 157%
c [ 94.14 33 35 49 210 43522 1 2028842 59867 1.8 35 20 5 19 51% 27292 399 1489 157%
c
c seconds   switched      rate           size/glue  tier1     binary       remaining
c        MB   reductions     conflicts         size   tier2      irredundant
c         level     restarts        redundant     glue    trail       variables
c
c B 94.14 33 35 49 210 43522 1 2028842 59867 1.8 35 20 5 19 51% 27292 399 1489 157%
c - 94.46 33 35 49 211 43527 1 2036896 54262 1.8 35 20 5 19 51% 27292 399 1489 157%
c - 95.14 33 34 49 212 43535 1 2051422 54412 1.8 34 19 5 19 51% 27292 399 1489 157%
c u 95.55 33 33 49 212 43536 1 2056652 57980 1.8 33 19 5 19 51% 27292 399 1489 157%
c v 95.72 33 33 49 212 43536 1 2056652 56902 1.8 33 19 5 19 51% 27292 399 1489 157%
c w 95.80 35 33 49 212 43536 1 2056652 55912 1.8 33 19 5 19 51% 27292 399 1489 157%
c t 95.81 35 33 49 212 43536 1 2056652 55912 1.8 33 19 5 19 51% 27291 399 1489 157%
c - 96.28 33 33 49 213 43540 1 2065983 51944 1.8 33 19 4 19 51% 27292 399 1489 157%
c - 97.02 33 34 49 214 43549 1 2080580 51740 1.8 34 19 4 19 51% 27292 399 1489 157%
c - 97.82 33 33 49 215 43552 1 2095209 50305 1.8 34 19 4 19 50% 27292 399 1489 157%
c - 98.62 33 32 49 216 43552 1 2109871 53247 1.8 34 19 4 19 50% 27292 399 1489 157%
c ] 99.12 33 32 50 216 43558 1 2118644 60921 1.8 33 19 4 19 50% 27292 399 1489 157%
c { 99.12 33 12 50 216 43558 2 2118644 60921 1.8 14 8 4 9 51% 27292 399 1489 157%
c o 99.13 33 12 50 216 43572 2 2118711 60966 1.8 14 8 4 9 51% 27292 399 1489 157%
c - 99.35 31 12 50 217 43573 2 2124568 55448 1.7 13 8 4 9 51% 27292 399 1489 157%
c - 99.92 33 11 50 218 43573 2 2139298 52988 1.7 13 7 4 9 51% 27292 399 1489 157%
c - 100.47 31 11 50 219 43573 2 2154062 50494 1.7 12 7 4 9 51% 27293 399 1489 157%
c - 100.99 31 10 50 220 43573 1 2168860 51319 1.6 11 7 4 9 51% 27295 399 1489 157%
c - 101.55 33 10 50 221 43573 1 2183694 51670 1.6 11 7 4 9 51% 27298 399 1489 157%
c u 102.26 33 9 50 221 43573 1 2198044 56065 1.6 10 6 4 9 51% 27300 399 1489 157%
c
c seconds   switched      rate           size/glue tier1    binary       remaining
c         MB  reductions     conflicts         size  tier2     irredundant
c          level    restarts        redundant    glue   trail       variables
c
c v 102.32 33 9 50 221 43573 1 2198044 43390 1.6 10 6 4 9 51% 27300 399 1489 157%
c w 102.32 33 9 50 221 43573 1 2198044 43357 1.6 10 6 4 9 51% 27300 399 1489 157%
c - 102.37 31 9 50 222 43580 1 2198561 41426 1.6 10 6 4 9 51% 27300 399 1489 157%
c - 102.87 31 9 50 223 43628 1 2213461 48720 1.6 10 6 4 9 51% 27301 399 1489 157%
c - 103.36 31 9 50 224 43682 1 2228394 55123 1.6 10 6 4 9 51% 27301 399 1489 157%
c - 103.88 31 8 50 225 43707 1 2243360 56991 1.6 10 6 4 9 51% 27301 399 1489 157%
c } 104.35 33 8 51 225 43713 1 2256169 62571 1.5 9 6 4 9 51% 27305 399 1489 157%
c [ 104.35 33 32 51 225 43713 1 2256169 62571 1.8 33 19 4 19 50% 27305 399 1489 157%
c W 104.36 27 32 51 225 43713 1 2256169 62571 1.8 33 19 4 19 50% 27305 399 1489 157%
c - 104.46 27 32 51 226 43715 1 2258360 58125 1.8 33 19 4 19 50% 27305 399 1489 157%
c - 105.17 27 31 51 227 43723 1 2273393 63661 1.8 33 18 4 19 50% 27305 399 1489 157%
c - 106.00 27 30 51 228 43727 1 2288459 69766 1.9 34 18 4 19 50% 27305 399 1489 157%
c - 106.85 29 32 51 229 43737 1 2303558 68709 1.9 36 19 4 19 50% 27305 399 1489 157%
c - 107.82 29 36 51 230 43742 1 2318690 62418 1.8 39 22 4 19 50% 27305 399 1489 157%
c - 108.74 23 38 51 231 43743 1 2333855 60593 1.8 40 23 4 19 50% 27305 399 1489 157%
c u 109.58 25 38 51 231 43749 1 2344633 70215 1.8 41 23 4 19 49% 27310 399 1489 157%
c v 109.81 25 38 51 231 43749 1 2344633 69693 1.8 41 23 4 19 49% 27341 399 1489 157%
c w 109.92 35 38 51 231 43749 1 2344633 69031 1.8 41 23 4 19 49% 27341 399 1489 157%
c t 109.95 35 38 51 231 43749 1 2344633 69031 1.8 41 23 4 19 49% 27304 399 1489 157%
c o 109.96 35 38 51 231 43749 1 2344633 69031 1.8 41 23 4 19 49% 27304 399 1489 157%
c
c seconds    switched      rate           size/glue  tier1     binary       remaining
c         MB   reductions     conflicts         size   tier2      irredundant
c          level     restarts        redundant     glue    trail       variables
c
c - 110.22 33 47 51 232 43750 1 2349053 60536 1.7 43 25 4 19 50% 27304 399 1489 157%
c ] 110.35 33 51 52 232 43751 1 2351186 62571 1.7 44 26 4 19 49% 27304 399 1489 157%
c { 110.35 33 8 52 232 43751 1 2351186 62571 1.5 9 6 4 9 51% 27304 399 1489 157%
c - 111.03 33 9 52 233 45565 1 2364287 63879 1.5 10 6 4 9 51% 27304 399 1489 157%
c - 111.75 33 9 52 234 47653 2 2379551 68977 1.5 10 6 4 9 51% 27306 399 1489 157%
c - 112.45 33 10 52 235 49159 2 2394852 71051 1.5 10 7 4 9 51% 27307 399 1489 157%
c - 113.13 33 10 52 236 50609 2 2410181 71517 1.6 10 7 4 9 51% 27308 399 1489 157%
c - 113.80 33 10 52 237 51912 2 2425543 71991 1.6 11 7 4 9 50% 27309 399 1489 157%
c - 114.48 33 10 52 238 53159 2 2440939 72985 1.6 11 7 4 9 50% 27311 399 1489 157%
c - 115.20 33 11 52 239 54293 2 2456369 74312 1.6 11 7 4 9 50% 27313 399 1489 157%
c - 115.86 33 11 52 240 55274 2 2471831 75222 1.6 11 7 4 9 51% 27314 399 1489 157%
c - 116.53 33 11 52 241 56227 2 2487323 75444 1.6 11 7 4 9 51% 27314 399 1489 157%
c u 117.16 27 11 52 241 56762 2 2496473 80600 1.6 11 7 4 9 51% 27323 399 1489 157%
c v 117.38 27 11 52 241 56762 2 2496473 75705 1.6 11 7 4 9 51% 27323 399 1489 157%
c w 117.45 27 11 52 241 56762 2 2496473 75037 1.6 11 7 4 9 51% 27323 399 1489 157%
c t 118.40 27 11 52 241 56762 2 2496473 75037 1.6 11 7 4 9 51% 27309 399 1489 157%
c } 118.50 27 11 53 241 56970 2 2498973 76791 1.6 11 7 4 9 51% 27309 399 1489 157%
c [ 118.50 27 51 53 241 56970 1 2498973 76791 1.7 44 26 4 19 49% 27309 399 1489 157%
c O 118.50 27 51 53 241 56970 1 2498973 76791 1.7 44 26 4 19 49% 27309 399 1489 157%
c - 118.68 27 50 53 242 56972 1 2502849 72033 1.7 43 26 4 19 49% 27310 399 1489 157%
c
c seconds    switched      rate           size/glue  tier1     binary       remaining
c         MB   reductions     conflicts         size   tier2      irredundant
c          level     restarts        redundant     glue    trail       variables
c
c - 119.54 27 46 53 243 56982 1 2518405 73471 1.7 41 24 4 19 49% 27310 399 1489 157%
c i 119.87 27 45 53 243 56984 1 2524186 78154 1.7 40 24 4 19 49% 27316 399 1488 157%
c - 120.36 27 43 53 244 56987 1 2533994 60120 1.7 40 23 4 19 50% 27254 399 1488 157%
c - 121.11 27 41 53 245 56996 1 2549614 67221 1.8 40 22 4 19 50% 27254 399 1488 157%
c - 122.00 29 43 53 246 57000 1 2565268 68800 1.8 42 24 4 19 50% 27254 399 1488 157%
c - 122.96 29 44 53 247 57000 1 2580952 65442 1.7 43 25 4 19 49% 27254 399 1488 157%
c - 123.89 29 44 53 248 57010 1 2596668 63955 1.7 44 25 4 19 49% 27254 399 1488 157%
c - 124.96 29 43 53 249 57015 1 2612417 63511 1.8 44 25 4 19 49% 27254 399 1488 157%
c o 125.34 29 43 53 249 57019 1 2618373 69101 1.8 44 25 4 19 49% 27254 399 1488 157%
c ] 125.38 29 44 54 249 57020 1 2618946 69641 1.8 44 25 4 19 49% 27254 399 1488 157%
c { 125.38 29 11 54 249 57020 2 2618946 69641 1.6 11 7 4 9 51% 27254 399 1488 157%
c - 126.55 29 15 54 250 58848 2 2628196 62418 1.6 15 9 4 9 50% 27254 399 1488 157%
c - 128.46 23 20 54 251 62009 3 2644010 59054 1.6 19 12 4 9 49% 27254 399 1488 157%
c u 129.70 25 23 54 251 63938 4 2653566 59011 1.5 22 14 4 9 49% 27256 399 1488 157%
c v 129.92 25 23 54 251 63938 4 2653566 58718 1.5 22 14 4 9 49% 27256 399 1488 157%
c w 130.05 35 23 54 251 63938 4 2653566 58694 1.5 22 14 4 9 49% 27256 399 1488 157%
c t 130.08 35 23 54 251 63938 4 2653566 58694 1.5 22 14 4 9 49% 27254 399 1488 157%
c - 131.00 31 24 54 252 65188 4 2659852 51135 1.5 23 15 4 9 48% 27255 399 1488 157%
c - 132.95 31 28 54 253 68288 4 2675726 51742 1.5 27 17 4 9 48% 27255 399 1488 157%
c - 134.49 33 31 54 254 70408 4 2691631 53511 1.6 29 18 4 9 48% 27255 399 1488 157%
c
c seconds    switched      rate           size/glue  tier1    binary       remaining
c         MB   reductions     conflicts         size   tier2     irredundant
c          level     restarts        redundant     glue   trail       variables
c
c - 135.94 33 32 54 255 71565 4 2707568 57327 1.7 31 19 4 9 48% 27258 399 1488 157%
c - 137.37 33 32 54 256 72540 4 2723538 59198 1.7 32 19 4 9 48% 27259 399 1488 157%
c - 139.30 35 34 54 257 74282 4 2739538 57274 1.7 34 19 4 9 48% 27259 399 1488 157%
c - 141.38 35 35 54 258 76151 4 2755571 54770 1.8 36 20 4 10 48% 27260 399 1488 157%
c - 143.66 35 37 54 259 78328 4 2771635 52600 1.8 37 21 4 10 47% 27260 399 1488 157%
c } 144.37 33 38 55 259 79179 4 2777341 57589 1.8 38 22 4 10 47% 27260 399 1488 157%
c [ 144.37 33 44 55 259 79179 1 2777341 57589 1.8 44 25 4 19 49% 27260 399 1488 157%
c B 144.37 33 44 55 259 79179 1 2777341 57589 1.8 44 25 4 19 49% 27260 399 1488 157%
c - 145.27 35 41 55 260 79185 1 2787728 53352 1.8 43 24 4 19 49% 27261 399 1488 157%
c - 146.43 35 39 55 261 79193 1 2803853 57331 1.8 42 23 4 19 50% 27261 399 1488 157%
c u 147.90 35 37 55 261 79198 1 2815990 66567 1.8 40 22 4 19 50% 27267 399 1488 157%
c v 148.48 35 37 55 261 79198 1 2815990 63689 1.8 40 22 4 19 50% 27267 399 1488 157%
c w 148.70 37 37 55 261 79198 1 2815990 56919 1.8 40 22 4 19 50% 27267 399 1488 157%
c t 148.73 37 37 55 261 79198 1 2815990 56919 1.8 40 22 4 19 50% 27263 399 1488 157%
c - 149.01 35 36 55 262 79200 1 2820008 52183 1.8 40 22 4 19 50% 27263 399 1488 157%
c i 149.37 33 35 55 262 79203 1 2825334 56290 1.8 39 21 4 19 50% 27271 399 1487 157%
c - 150.07 29 35 55 263 79208 1 2836195 41994 1.8 39 21 4 19 50% 27203 399 1487 157%
c - 151.04 29 34 55 264 79209 1 2852413 48993 1.9 39 21 4 19 50% 27203 399 1487 157%
c - 152.11 33 35 55 265 79216 1 2868661 50960 1.9 40 22 4 19 50% 27203 399 1487 157%
c o 153.13 31 33 55 265 79224 1 2883959 64119 1.9 40 21 4 19 50% 27204 399 1487 157%
c
c seconds    switched      rate           size/glue  tier1     binary       remaining
c         MB   reductions     conflicts         size   tier2      irredundant
c          level     restarts        redundant     glue    trail       variables
c
c - 153.19 31 36 55 266 79224 1 2884939 52632 1.9 40 21 4 19 50% 27204 399 1487 157%
c - 154.34 35 51 55 267 79231 1 2901248 54135 1.8 42 24 4 19 50% 27204 399 1487 157%
c i 154.40 33 51 55 267 79231 1 2901956 54591 1.8 42 24 4 19 50% 27207 399 1486 157%
c W 154.69 29 50 55 267 79232 1 2904811 57244 1.8 42 24 4 19 50% 27156 399 1486 157%
c - 155.55 23 46 55 268 79239 1 2917588 47452 1.8 40 23 3 19 50% 27158 399 1486 157%
c i 155.69 23 46 55 268 79239 1 2920043 49388 1.8 40 22 3 19 50% 27163 399 1485 157%
c - 156.57 27 43 55 269 79240 1 2933960 41444 1.8 39 22 3 18 50% 27111 399 1485 157%
c - 157.52 27 43 55 270 79241 1 2950361 44965 1.8 41 23 3 18 50% 27111 399 1485 157%
c - 158.57 27 44 55 271 79241 1 2966793 40937 1.8 44 24 3 19 50% 27111 399 1485 157%
c - 159.63 27 44 55 272 79248 1 2983255 39803 1.8 45 25 3 19 50% 27111 399 1485 157%
c u 159.96 27 44 55 272 79248 1 2983718 39290 1.8 45 25 3 19 50% 27133 399 1484 157%
c v 160.30 27 44 55 272 79248 1 2983718 38876 1.8 45 25 3 19 50% 27133 399 1484 157%
c w 160.43 27 44 55 272 79248 1 2983718 38816 1.8 45 25 3 19 50% 27133 399 1484 157%
c t 160.45 27 44 55 272 79248 1 2983718 38503 1.8 45 25 3 19 50% 27116 399 1484 157%
c u 160.75 27 44 55 272 79248 1 2983718 37988 1.8 45 25 3 19 50% 27119 399 1484 157%
c v 161.07 27 44 55 272 79248 1 2983718 37542 1.8 45 25 3 19 50% 27119 399 1484 157%
c w 161.19 27 44 55 272 79248 1 2983718 37487 1.8 45 25 3 19 50% 27119 399 1484 157%
c t 161.21 27 44 55 272 79248 1 2983718 37487 1.8 45 25 3 19 50% 27118 399 1484 157%
c i 161.22 27 44 55 272 79248 1 2983718 37487 1.8 45 25 3 19 50% 27118 399 1484 157%
c - 162.27 27 44 55 273 79256 1 2999748 37533 1.8 46 25 3 19 50% 27065 399 1484 157%
c
c seconds    switched      rate           size/glue  tier1     binary       remaining
c         MB   reductions     conflicts         size   tier2      irredundant
c          level     restarts        redundant     glue    trail       variables
c
c - 163.32 27 44 55 274 79263 1 3016273 38343 1.8 46 26 3 19 50% 27065 399 1484 157%
c e 164.27 27 43 55 274 79270 1 3031109 52114 1.8 46 26 3 19 50% 27153 399 1478 156%
c - 164.40 27 43 55 275 79271 1 3032826 39486 1.8 46 26 3 19 50% 27153 399 1478 156%
c I 164.79 27 43 55 275 79271 1 3039050 45143 1.8 46 26 3 19 50% 27153 399 1478 156%
c ] 165.35 27 42 56 275 79272 1 3047187 52588 1.8 46 25 3 19 50% 27153 399 1478 156%
c { 165.36 27 38 56 275 79272 4 3047187 52588 1.8 38 22 4 10 47% 27153 399 1478 156%
c - 165.51 27 37 56 276 79283 4 3049409 41120 1.8 38 22 4 10 47% 27153 399 1478 156%
c - 166.57 27 34 56 277 79301 4 3066022 47437 1.8 36 20 4 10 48% 27156 399 1478 156%
c - 167.73 27 32 56 278 79312 3 3082666 54340 1.9 35 19 4 10 48% 27157 399 1478 156%
c i 167.88 27 31 56 278 79312 3 3085285 56541 1.9 34 18 4 10 48% 27163 399 1477 156%
c - 168.67 27 30 56 279 79318 3 3099340 40087 1.9 34 18 4 10 48% 27105 399 1477 156%
c - 169.61 27 28 56 280 79353 3 3116043 51984 1.9 32 17 4 10 49% 27105 399 1477 156%
c - 170.62 27 26 56 281 79364 3 3132776 54448 1.9 31 16 3 10 48% 27107 399 1477 156%
c - 171.67 27 25 56 282 79376 2 3149540 55294 2.0 30 15 3 10 48% 27107 399 1477 156%
c o 171.70 27 25 56 282 79394 2 3149859 55569 2.0 30 15 3 10 48% 27107 399 1477 156%
c u 172.43 27 24 56 282 79400 2 3156881 60005 2.0 29 15 3 10 48% 27127 399 1477 156%
c v 173.03 27 24 56 282 79400 2 3156881 59058 2.0 29 15 3 10 48% 27152 399 1477 156%
c w 173.17 27 24 56 282 79400 2 3156881 58186 2.0 29 15 3 10 48% 27152 399 1477 156%
c t 173.19 27 24 56 282 79400 2 3156881 58186 2.0 29 15 3 10 48% 27111 399 1477 156%
c f 173.20 27 24 56 282 79400 2 3156881 58186 2.0 29 15 3 10 48% 27087 399 1478 156%
c
c seconds    switched      rate           size/glue  tier1     binary       remaining
c         MB   reductions     conflicts         size   tier2      irredundant
c          level     restarts        redundant     glue    trail       variables
c
c u 173.51 27 24 56 282 79400 2 3156881 56793 2.0 29 15 3 10 48% 27112 399 1478 156%
c v 173.90 27 24 56 282 79400 2 3156881 55593 2.0 29 15 3 10 48% 27112 399 1478 156%
c w 174.04 27 24 56 282 79400 2 3156881 54220 2.0 29 15 3 10 48% 27112 399 1478 156%
c t 174.06 27 24 56 282 79400 2 3156881 54220 2.0 29 15 3 10 48% 27088 399 1478 156%
c - 174.52 27 23 56 283 79420 2 3166332 50551 2.0 29 14 3 10 48% 27089 399 1478 156%
c - 175.36 27 22 56 284 79457 2 3183154 51399 2.0 27 14 3 10 49% 27093 399 1478 156%
c - 176.28 27 21 56 285 79530 2 3200006 51565 2.0 26 13 3 10 49% 27098 399 1478 156%
c i 176.55 27 20 56 285 79534 2 3205418 55960 2.0 26 13 3 10 49% 27102 399 1477 156%
c } 177.06 27 20 57 285 79556 2 3216530 65442 2.0 25 12 3 10 49% 27102 399 1477 156%
c [ 177.06 27 42 57 285 79556 1 3216530 65442 1.8 46 25 3 19 50% 27102 399 1477 156%
c B 177.06 27 42 57 285 79556 1 3216530 65442 1.8 46 25 3 19 50% 27102 399 1477 156%
c - 177.09 27 42 57 286 79556 1 3216887 33679 1.8 46 25 3 19 50% 27043 399 1477 156%
c - 178.01 27 39 57 287 79566 1 3233800 42025 1.9 45 24 3 19 50% 27043 399 1477 156%
c - 179.07 27 39 57 288 79572 1 3250742 41021 1.9 45 24 3 18 49% 27043 399 1477 156%
c - 180.09 27 37 57 289 79582 1 3267713 38773 1.9 45 23 3 18 50% 27044 399 1477 156%
c - 181.11 27 36 57 290 79586 1 3284713 40403 1.9 44 23 3 18 50% 27044 399 1477 156%
c - 182.25 27 34 57 291 79589 1 3301742 43124 2.0 43 22 3 18 50% 27044 399 1477 156%
c - 183.44 27 34 57 292 79599 1 3318800 43939 2.0 43 21 3 18 50% 27045 399 1477 156%
c u 184.88 27 32 57 292 79604 1 3335446 58051 2.1 43 20 3 18 50% 27101 399 1477 156%
c v 185.28 27 32 57 292 79604 1 3335446 57611 2.1 43 20 3 18 50% 27111 399 1477 156%
c
c seconds    switched      rate           size/glue  tier1     binary       remaining
c         MB   reductions     conflicts         size   tier2      irredundant
c          level     restarts        redundant     glue    trail       variables
c
c w 185.46 27 32 57 292 79604 1 3335446 56130 2.1 43 20 3 18 50% 27111 399 1477 156%
c t 185.48 27 32 57 292 79604 1 3335446 56130 2.1 43 20 3 18 50% 27071 399 1477 156%
c - 185.53 27 32 57 293 79605 1 3335888 44066 2.1 43 20 3 18 50% 27071 399 1477 156%
c - 186.79 27 30 57 294 79615 1 3353009 48509 2.2 42 20 3 18 50% 27071 399 1477 156%
c i 187.32 27 29 57 294 79616 1 3361172 55436 2.2 41 19 3 18 50% 27076 399 1366 144%
c i 187.56 27 28 57 294 79617 1 3364330 58016 2.2 41 19 3 18 50% 27080 399 1261 133%
c W 187.67 27 28 57 294 79617 1 3364718 58312 2.2 41 19 3 18 50% 18728 385 1261 133%
c i 187.68 27 28 57 294 79617 1 3364812 58363 2.2 41 19 3 18 50% 18732 385 1174 124%
c i 187.68 27 28 57 294 79617 1 3364831 58369 2.2 41 19 3 18 50% 18734 385 1027 108%
c i 187.68 27 28 57 294 79617 1 3364832 58369 2.2 41 19 3 18 50% 18734 385 970 102%
c i 187.68 27 28 57 294 79617 1 3364843 58373 2.2 41 19 3 18 50% 18734 385 969 102%
c i 187.68 27 28 57 294 79617 1 3364848 58375 2.2 41 19 3 18 50% 18735 385 903 95%
c ] 187.68 27 28 57 294 79617 1 3364850 58375 2.2 41 19 3 18 50% 18735 385 817 86%
c 0 187.68 27 20 57 294 79617 2 3364850 58375 2.0 25 12 3 10 49% 18735 385 817 86%
c
c ---- [ result ] ------------------------------------------------------------
c
s UNSATISFIABLE
c
c ---- [ profiling ] ---------------------------------------------------------
c
c         167.63   89.32 %  search
c          83.86   44.68 %  focused
c          83.77   44.63 %  stable
c          19.83   10.57 %  simplify
c          19.61   10.45 %  probe
c          15.72    8.38 %  vivify
c           2.76    1.47 %  reduce
c           2.46    1.31 %  sweep
c           0.46    0.25 %  substitute
c           0.44    0.23 %  transitive
c           0.31    0.17 %  factor
c           0.28    0.15 %  walking
c           0.21    0.11 %  preprocess
c           0.15    0.08 %  eliminate
c           0.14    0.07 %  backbone
c           0.04    0.02 %  congruence
c           0.02    0.01 %  subsume
c =============================================
c         187.68  100.00 %  total
c
c ---- [ statistics ] --------------------------------------------------------
c
c chronological:                           12                0 %  conflicts
c conflicts:                          3364850            17928.66 per second
c decisions:                          6620687                1.97 per conflict
c eliminated:                            2534              267 %  variables
c factored:                              3075              324 %  variables
c iterations:                              19                2 %  variables
c propagations:                     713196676          3800068    per second
c reductions:                             294            11445    interval
c reordered:                               24           140202    interval
c rephased:                                35            96139    interval
c restarts:                             79617               42    interval
c switched:                                57            59032    interval
c vivified:                            302350               82 %  checks
c walks:                                   12           280404    interval
c
c ---- [ glue usage ] --------------------------------------------------------
c
c focused glue 3   used 1039116 clauses 16.54% accumulated 52.27% tier1
c focused glue 4   used  640396 clauses 10.19% accumulated 62.46%
c focused glue 5-8 used 1538284 clauses 24.48% accumulated 86.94%
c focused glue 9   used  177579 clauses  2.83% accumulated 89.77%
c focused glue 10  used  126115 clauses  2.01% accumulated 91.78% tier2
c
c stable glue 3    used 1514820 clauses 17.10% accumulated 55.44% tier1
c stable glue 4    used  695183 clauses  7.85% accumulated 63.29%
c stable glue 5-16 used 2235557 clauses 25.24% accumulated 88.53%
c stable glue 17   used   90607 clauses  1.02% accumulated 89.55%
c stable glue 18   used   82744 clauses  0.93% accumulated 90.48% tier2
c
c ---- [ resources ] ---------------------------------------------------------
c
c maximum-resident-set-size:         39071744 bytes         37 MB
c process-time:                          3m 8s             187.68 seconds
c
c ---- [ shutting down ] -----------------------------------------------------
c
c exit 20
